make all --print-data-base --no-builtin-variables --no-builtin-rules --question
# GNU Make 4.2.1
# Built for x86_64-pc-linux-gnu
# Copyright (C) 1988-2016 Free Software Foundation, Inc.
# License GPLv3+: GNU GPL version 3 or later <http://gnu.org/licenses/gpl.html>
# This is free software: you are free to change and redistribute it.
# There is NO WARRANTY, to the extent permitted by law.

# Make data base, printed on Mon May 23 14:04:17 2022

# Variables

# 'override' directive
GNUMAKEFLAGS := 
# automatic
<D = $(patsubst %/,%,$(dir $<))
# automatic
?F = $(notdir $?)
# environment
DESKTOP_SESSION = ubuntu
# default
.SHELLFLAGS := -c
# environment
XDG_SESSION_CLASS = user
# environment
XDG_SESSION_TYPE = x11
# environment
VSCODE_LOG_NATIVE = false
# automatic
?D = $(patsubst %/,%,$(dir $?))
# environment
IM_CONFIG_PHASE = 1
# automatic
@D = $(patsubst %/,%,$(dir $@))
# environment
XAUTHORITY = /run/user/1000/gdm/Xauthority
# environment
GDMSESSION = ubuntu
# environment
XMODIFIERS = @im=ibus
# makefile
CURDIR := /home/arksy/Documents/faculdade/k8s/studygo
# makefile
SHELL = /bin/sh
# environment
VSCODE_NLS_CONFIG = {"locale":"en-us","availableLanguages":{},"_languagePackSupport":true}
# environment
_ = /usr/bin/dbus-update-activation-environment
# environment
JOURNAL_STREAM = 8:78364
# environment
XDG_CONFIG_DIRS = /etc/xdg/xdg-ubuntu:/etc/xdg
# makefile (from 'Makefile', line 1)
MAKEFILE_LIST :=  Makefile
# automatic
@F = $(notdir $@)
# environment
GIO_LAUNCHED_DESKTOP_FILE = /usr/share/applications/code.desktop
# environment
USERNAME = arksy
# environment
MAKELEVEL := 0
# environment
MANDATORY_PATH = /usr/share/gconf/ubuntu.mandatory.path
# environment
XDG_DATA_DIRS = /usr/share/ubuntu:/usr/local/share/:/usr/share/:/var/lib/snapd/desktop
# environment
VSCODE_AMD_ENTRYPOINT = vs/workbench/api/node/extensionHostProcess
# environment
DBUS_SESSION_BUS_ADDRESS = unix:path=/run/user/1000/bus
# environment
VSCODE_VERBOSE_LOGGING = true
# environment
LC_CTYPE = pt_BR.UTF-8
# environment
MANAGERPID = 4965
# environment
VSCODE_IPC_HOOK_EXTHOST = /run/user/1000/vscode-ipc-f27a50ce-77a4-43e5-b60f-6f009267849c.sock
# environment
LC_NAME = pt_BR.UTF-8
# environment
VSCODE_CWD = /home/arksy
# environment
GOPROXY = https://proxy.golang.org,direct
# default
MAKE_HOST := x86_64-pc-linux-gnu
# environment
PATH = /usr/local/go/bin:/home/arksy/.local/bin:/usr/local/sbin:/usr/local/bin:/usr/sbin:/usr/bin:/sbin:/bin:/usr/games:/usr/local/games:/snap/bin
# environment
GPG_AGENT_INFO = /run/user/1000/gnupg/S.gpg-agent:0:1
# environment
GJS_DEBUG_OUTPUT = stderr
# environment
SESSION_MANAGER = local/arksy-Aspire-VX5-591G:@/tmp/.ICE-unix/5275,unix/arksy-Aspire-VX5-591G:/tmp/.ICE-unix/5275
# environment
XDG_RUNTIME_DIR = /run/user/1000
# environment
GOPATH = /home/arksy/go
# environment
XDG_MENU_PREFIX = gnome-
# environment
VSCODE_LOG_STACK = false
# environment
ELECTRON_RUN_AS_NODE = 1
# environment
INVOCATION_ID = 0ebe6e58fd5d4d3ea0652e56d5b6a1bb
# default
.FEATURES := target-specific order-only second-expansion else-if shortest-stem undefine oneshell archives jobserver output-sync check-symlink load
# environment
XDG_SESSION_DESKTOP = ubuntu
# environment
SSH_AUTH_SOCK = /run/user/1000/keyring/ssh
# environment
GIO_LAUNCHED_DESKTOP_FILE_PID = 6411
# automatic
%F = $(notdir $%)
# environment
DISPLAY = :1
# environment
VSCODE_PIPE_LOGGING = true
# environment
PWD = /home/arksy/Documents/faculdade/k8s/studygo
# makefile (from 'Makefile', line 1)
DOCKERHUB_USER_NAME = lptonussi
# default
.LOADED := 
# environment
SSH_AGENT_PID = 5237
# environment
ORIGINAL_XDG_CURRENT_DESKTOP = ubuntu:GNOME
# environment
GTK_MODULES = gail:atk-bridge
# environment
GOMODCACHE = /home/arksy/go/pkg/mod
# environment
HOME = /home/arksy
# environment
VSCODE_CODE_CACHE_PATH = /home/arksy/.config/Code/CachedData/c3511e6c69bb39013c4a4b7b9566ec1ca73fc4d5
# environment
LOGNAME = arksy
# environment
APPLICATION_INSIGHTS_NO_DIAGNOSTIC_CHANNEL = 1
# automatic
+F = $(notdir $+)
# environment
VSCODE_HANDLES_UNCAUGHT_ERRORS = true
# environment
GNOME_DESKTOP_SESSION_ID = this-is-deprecated
# automatic
^D = $(patsubst %/,%,$(dir $^))
# environment
LC_TIME = pt_BR.UTF-8
# default
MAKE = $(MAKE_COMMAND)
# default
MAKECMDGOALS := all
# environment
QT_IM_MODULE = ibus
# environment
SHLVL = 0
# environment
GNOME_SHELL_SESSION_MODE = ubuntu
# default
MAKE_VERSION := 4.2.1
# environment
USER = arksy
# environment
LC_MONETARY = pt_BR.UTF-8
# makefile
.DEFAULT_GOAL := build_debug_server
# environment
XDG_CURRENT_DESKTOP = Unity
# automatic
%D = $(patsubst %/,%,$(dir $%))
# environment
LC_TELEPHONE = pt_BR.UTF-8
# default
MAKE_COMMAND := make
# default
.VARIABLES := 
# automatic
*F = $(notdir $*)
# environment
VSCODE_IPC_HOOK = /run/user/1000/vscode-7afc9bb5-1.67.2-main.sock
# makefile
MAKEFLAGS = pqrR
# environment
MFLAGS = -pqrR
# automatic
*D = $(patsubst %/,%,$(dir $*))
# automatic
+D = $(patsubst %/,%,$(dir $+))
# environment
GDK_BACKEND = x11
# environment
LC_PAPER = pt_BR.UTF-8
# environment
QT_ACCESSIBILITY = 1
# environment
DEFAULTS_PATH = /usr/share/gconf/ubuntu.default.path
# default
MAKEFILES := 
# environment
LC_NUMERIC = pt_BR.UTF-8
# automatic
<F = $(notdir $<)
# environment
LC_MEASUREMENT = pt_BR.UTF-8
# environment
LC_ALL = C
# environment
GJS_DEBUG_TOPICS = JS ERROR;JS LOG
# automatic
^F = $(notdir $^)
# default
SUFFIXES := 
# environment
CHROME_DESKTOP = code-url-handler.desktop
# environment
WINDOWPATH = 2
# default
.INCLUDE_DIRS = /usr/include /usr/local/include /usr/include
# environment
LC_IDENTIFICATION = pt_BR.UTF-8
# default
.RECIPEPREFIX := 
# environment
LC_ADDRESS = pt_BR.UTF-8
# environment
LANG = C
# environment
VSCODE_PID = 6411
# variable set hash-table stats:
# Load=110/1024=11%, Rehash=0, Collisions=20/135=15%

# Pattern-specific Variable Values

# No pattern-specific variable values.

# Directories

# . (device 56, inode 55842195): 27 files, no impossibilities.

# 27 files, no impossibilities in 1 directories.

# Implicit Rules

# No implicit rules.

# Files

build_client_with_python_server:
#  Implicit rule search has not been done.
#  Modification time never checked.
#  File has not been updated.
#  recipe to execute (from 'Makefile', line 33):
	docker-compose -f go-client-python-server.docker-compose.yml up --build

docker_down:
#  Implicit rule search has not been done.
#  Modification time never checked.
#  File has not been updated.
#  recipe to execute (from 'Makefile', line 90):
	docker-compose -f go-client-python-server.docker-compose.yml down
	docker-compose -f client.docker-compose.yml down
	docker-compose -f server.docker-compose.yml down
	docker-compose -f hermes.docker-compose.yml down

docker_build_client:
#  Implicit rule search has not been done.
#  Modification time never checked.
#  File has not been updated.
#  recipe to execute (from 'Makefile', line 78):
	docker build -t ${DOCKERHUB_USER_NAME}/public:go-http-log-client -f client.dockerfile .

# Not a target:
all:
#  Command line target.
#  Implicit rule search has been done.
#  File does not exist.
#  File has not been updated.

run_debug_client:
#  Implicit rule search has not been done.
#  Modification time never checked.
#  File has not been updated.
#  recipe to execute (from 'Makefile', line 41):
	docker-compose -f debug-client.docker-compose.yml up

build_client:
#  Implicit rule search has not been done.
#  Modification time never checked.
 
make: *** No rule to make target 'all'.  Stop.

#  File has not been updated.
#  recipe to execute (from 'Makefile', line 30):
	docker-compose -f client.docker-compose.yml up --build

run_hermes:
#  Implicit rule search has not been done.
#  Modification time never checked.
#  File has not been updated.
#  recipe to execute (from 'Makefile', line 69):
	docker-compose -f hermes.docker-compose.yml up

# Not a target:
Makefile:
#  Implicit rule search has been done.
#  Last modified 2022-05-23 05:10:16.359252445
#  File has been updated.
#  Successfully updated.

build_server:
#  Implicit rule search has not been done.
#  Modification time never checked.
#  File has not been updated.
#  recipe to execute (from 'Makefile', line 24):
	docker-compose -f server.docker-compose.yml up --build

run_debug_server:
#  Implicit rule search has not been done.
#  Modification time never checked.
#  File has not been updated.
#  recipe to execute (from 'Makefile', line 47):
	docker-compose -f debug-server.docker-compose.yml up

docker_run_client:
#  Implicit rule search has not been done.
#  Modification time never checked.
#  File has not been updated.
#  recipe to execute (from 'Makefile', line 81):
	docker run --name go-http-log-client ${DOCKERHUB_USER_NAME}/public:go-http-log-client

run_client:
#  Implicit rule search has not been done.
#  Modification time never checked.
#  File has not been updated.
#  recipe to execute (from 'Makefile', line 53):
	docker-compose -f client.docker-compose.yml up

run_go_http_log_client:
#  Implicit rule search has not been done.
#  Modification time never checked.
#  File has not been updated.
#  recipe to execute (from 'Makefile', line 66):
	docker-compose -f go-client-python-server.docker-compose.yml up http-log-client

# Not a target:
.DEFAULT:
#  Implicit rule search has not been done.
#  Modification time never checked.
#  File has not been updated.

run_server:
#  Implicit rule search has not been done.
#  Modification time never checked.
#  File has not been updated.
#  recipe to execute (from 'Makefile', line 50):
	docker-compose -f server.docker-compose.yml up

build_debug_hermes:
#  Implicit rule search has not been done.
#  Modification time never checked.
#  File has not been updated.
#  recipe to execute (from 'Makefile', line 21):
	docker-compose -f debug-hermes.docker-compose.yml up --build

run_python_http_log_server:
#  Implicit rule search has not been done.
#  Modification time never checked.
#  File has not been updated.
#  recipe to execute (from 'Makefile', line 63):
	docker-compose -f go-client-python-server.docker-compose.yml up http-log-server

build_debug_client:
#  Implicit rule search has not been done.
#  Modification time never checked.
#  File has not been updated.
#  recipe to execute (from 'Makefile', line 18):
	docker-compose -f debug-client.docker-compose.yml up --build

build_hermes:
#  Implicit rule search has not been done.
#  Modification time never checked.
#  File has not been updated.
#  recipe to execute (from 'Makefile', line 27):
	docker-compose -f hermes.docker-compose.yml up --build

run_debug_hermes:
#  Implicit rule search has not been done.
#  Modification time never checked.
#  File has not been updated.
#  recipe to execute (from 'Makefile', line 44):
	docker-compose -f debug-hermes.docker-compose.yml up

build_debug_server:
#  Implicit rule search has not been done.
#  Modification time never checked.
#  File has not been updated.
#  recipe to execute (from 'Makefile', line 15):
	docker-compose -f debug-server.docker-compose.yml up --build

# files hash-table stats:
# Load=22/1024=2%, Rehash=0, Collisions=1/32=3%
# VPATH Search Paths

# No 'vpath' search paths.

# No general ('VPATH' variable) search path.

# strcache buffers: 1 (0) / strings = 50 / storage = 801 B / avg = 16 B
# current buf: size = 8162 B / used = 801 B / count = 50 / avg = 16 B

# strcache performance: lookups = 72 / hit rate = 30%
# hash-table stats:
# Load=50/8192=1%, Rehash=0, Collisions=1/72=1%
# Finished Make data base on Mon May 23 14:04:18 2022

 
